<?xml version="1.0" encoding="UTF-8"?>
<!-- Generated by org.testng.reporters.JUnitReportReporter -->
<testsuite hostname="RABIUL" failures="0" tests="1" name="DemoMaven.DemoMavenId.keyPressTest" time="42.078" errors="0" timestamp="2024-04-22T15:58:58 IST" skipped="0">
  <testcase classname="DemoMaven.DemoMavenId.keyPressTest" name="KeyPressTest" time="42.078"/>
  <system-out>
    <![CDATA[Browser Opened
Browser Maximized
Browser Maximized]]>
  </system-out>
</testsuite> <!-- DemoMaven.DemoMavenId.keyPressTest -->
