<?xml version="1.0" encoding="UTF-8"?>
<!-- Generated by org.testng.reporters.JUnitReportReporter -->
<testsuite hostname="RABIUL" failures="0" tests="1" name="DemoMaven.DemoMavenId.InventaryTest" time="4.011" errors="0" timestamp="2024-02-29T11:18:08 IST" skipped="0">
  <testcase classname="DemoMaven.DemoMavenId.InventaryTest" name="InventaryTest" time="4.011"/>
</testsuite> <!-- DemoMaven.DemoMavenId.InventaryTest -->
