<?xml version="1.0" encoding="UTF-8"?>
<!-- Generated by org.testng.reporters.JUnitReportReporter -->
<testsuite hostname="RABIUL" failures="0" tests="1" name="DemoMaven.DemoMavenId.fileUploadTest" time="5.714" errors="0" timestamp="2024-03-18T13:27:14 IST" skipped="0">
  <testcase classname="DemoMaven.DemoMavenId.fileUploadTest" name="fileUploadTest" time="5.714"/>
</testsuite> <!-- DemoMaven.DemoMavenId.fileUploadTest -->
