<?xml version="1.0" encoding="UTF-8"?>
<!-- Generated by org.testng.reporters.JUnitReportReporter -->
<testsuite hostname="RABIUL" failures="0" tests="1" name="DemoMaven.DemoMavenId.keyPressTest" time="12.816" errors="0" timestamp="2024-04-01T13:04:38 IST" skipped="0">
  <testcase classname="DemoMaven.DemoMavenId.keyPressTest" name="KeyPressTest" time="12.816"/>
</testsuite> <!-- DemoMaven.DemoMavenId.keyPressTest -->
