<?xml version="1.0" encoding="UTF-8"?>
<!-- Generated by org.testng.reporters.JUnitReportReporter -->
<testsuite hostname="RABIUL" failures="0" tests="1" name="DemoMaven.DemoMavenId.keyPressTest" time="6.549" errors="0" timestamp="2024-03-27T09:05:54 IST" skipped="0">
  <testcase classname="DemoMaven.DemoMavenId.keyPressTest" name="KeyPressTest" time="6.549"/>
</testsuite> <!-- DemoMaven.DemoMavenId.keyPressTest -->
