<?xml version="1.0" encoding="UTF-8"?>
<!-- Generated by org.testng.reporters.JUnitReportReporter -->
<testsuite hostname="RABIUL" failures="0" tests="2" name="DemoMaven.DemoMavenId.NegativeLogInTests" time="31.124" errors="0" timestamp="2024-04-22T15:58:58 IST" skipped="0">
  <testcase classname="DemoMaven.DemoMavenId.NegativeLogInTests" name="negativeLogInTest" time="12.876"/>
  <testcase classname="DemoMaven.DemoMavenId.NegativeLogInTests" name="negativeLogInTest" time="18.248"/>
  <system-out>
    <![CDATA[Browser Opened
Browser Maximized
Browser Maximized]]>
  </system-out>
</testsuite> <!-- DemoMaven.DemoMavenId.NegativeLogInTests -->
