<?xml version="1.0" encoding="UTF-8"?>
<!-- Generated by org.testng.reporters.JUnitReportReporter -->
<testsuite hostname="RABIUL" failures="0" tests="1" name="DemoMaven.DemoMavenId.JavaScriptAlert" time="6.201" errors="0" timestamp="2024-08-25T20:13:33 IST" skipped="0">
  <testcase classname="DemoMaven.DemoMavenId.JavaScriptAlert" name="AlertTest" time="6.201"/>
  <system-out>
    <![CDATA[Browser Opened
Browser Maximized
Browser Maximized for browserstack com]]>
  </system-out>
</testsuite> <!-- DemoMaven.DemoMavenId.JavaScriptAlert -->
