<?xml version="1.0" encoding="UTF-8"?>
<!-- Generated by org.testng.reporters.JUnitReportReporter -->
<testsuite hostname="RABIUL" failures="0" tests="3" name="DemoMaven.DemoMavenId.DataProviderDemo" time="0.007" errors="0" timestamp="2024-03-24T21:22:31 IST" skipped="0">
  <testcase classname="DemoMaven.DemoMavenId.DataProviderDemo" name="loginTest" time="0.000"/>
  <testcase classname="DemoMaven.DemoMavenId.DataProviderDemo" name="loginTest" time="0.007"/>
  <testcase classname="DemoMaven.DemoMavenId.DataProviderDemo" name="loginTest" time="0.000"/>
</testsuite> <!-- DemoMaven.DemoMavenId.DataProviderDemo -->
