<?xml version="1.0" encoding="UTF-8"?>
<!-- Generated by org.testng.reporters.JUnitReportReporter -->
<testsuite hostname="RABIUL" failures="0" tests="1" name="DemoMaven.DemoMavenId.switchCaseExmple" time="0.008" errors="0" timestamp="2024-04-17T09:34:02 IST" skipped="0">
  <testcase classname="DemoMaven.DemoMavenId.switchCaseExmple" name="switchcase" time="0.008"/>
</testsuite> <!-- DemoMaven.DemoMavenId.switchCaseExmple -->
