<?xml version="1.0" encoding="UTF-8"?>
<!-- Generated by org.testng.reporters.JUnitReportReporter -->
<testsuite hostname="RABIUL" failures="0" tests="1" name="DemoMaven.DemoMavenId.Webtable" time="8.837" errors="0" timestamp="2024-05-27T18:43:25 IST" skipped="0">
  <testcase classname="DemoMaven.DemoMavenId.Webtable" name="webtableTest" time="8.837">
    <system-out>
      <![CDATA[columnSize : 5
allrows : 7
tabledata : 
tabledata : FlipKart
tabledata : Sachin Bansal
tabledata : India
tabledata : Know More
tabledata : 
tabledata : Amazon]]>
    </system-out>
  </testcase> <!-- webtableTest -->
  <system-out>
    <![CDATA[columnSize : 5
allrows : 7
tabledata : 
tabledata : FlipKart
tabledata : Sachin Bansal
tabledata : India
tabledata : Know More
tabledata : 
tabledata : Amazon]]>
  </system-out>
</testsuite> <!-- DemoMaven.DemoMavenId.Webtable -->
