<?xml version="1.0" encoding="UTF-8"?>
<!-- Generated by org.testng.reporters.JUnitReportReporter -->
<testsuite hostname="RABIUL" failures="0" tests="1" name="DemoMaven.DemoMavenId.keyPressTest" time="7.668" errors="0" timestamp="2024-03-21T08:36:46 IST" skipped="0">
  <testcase classname="DemoMaven.DemoMavenId.keyPressTest" name="KeyPressTest" time="7.668"/>
</testsuite> <!-- DemoMaven.DemoMavenId.keyPressTest -->
