<?xml version="1.0" encoding="UTF-8"?>
<!-- Generated by org.testng.reporters.JUnitReportReporter -->
<testsuite hostname="RABIUL" failures="0" tests="1" name="DemoMaven.DemoMavenId.SeleniumPractice" time="10.726" errors="0" timestamp="2024-04-29T14:12:38 IST" skipped="0">
  <testcase classname="DemoMaven.DemoMavenId.SeleniumPractice" name="fileUploadTest" time="10.726"/>
</testsuite> <!-- DemoMaven.DemoMavenId.SeleniumPractice -->
