<?xml version="1.0" encoding="UTF-8"?>
<!-- Generated by org.testng.reporters.JUnitReportReporter -->
<testsuite hostname="RABIUL" failures="0" tests="1" name="DemoMaven.DemoMavenId.multipleWindows" time="6.064" errors="0" timestamp="2024-03-16T21:42:18 IST" skipped="0">
  <testcase classname="DemoMaven.DemoMavenId.multipleWindows" name="MultipleWindows" time="6.064"/>
</testsuite> <!-- DemoMaven.DemoMavenId.multipleWindows -->
