<?xml version="1.0" encoding="UTF-8"?>
<!-- Generated by org.testng.reporters.JUnitReportReporter -->
<testsuite hostname="RABIUL" failures="0" tests="1" name="ArrayExamplePackage.Arrayexercise2" time="0.024" errors="0" timestamp="2024-05-27T16:39:02 IST" skipped="0">
  <testcase classname="ArrayExamplePackage.Arrayexercise2" name="array1" time="0.024"/>
</testsuite> <!-- ArrayExamplePackage.Arrayexercise2 -->
