<?xml version="1.0" encoding="UTF-8"?>
<!-- Generated by org.testng.reporters.JUnitReportReporter -->
<testsuite hostname="RABIUL" failures="0" tests="2" name="DemoMaven.DemoMavenId.NegativeLogInTests" time="16.210" errors="0" timestamp="2024-03-18T13:27:14 IST" skipped="0">
  <testcase classname="DemoMaven.DemoMavenId.NegativeLogInTests" name="negativeLogInTest" time="8.239"/>
  <testcase classname="DemoMaven.DemoMavenId.NegativeLogInTests" name="negativeLogInTest" time="7.971"/>
</testsuite> <!-- DemoMaven.DemoMavenId.NegativeLogInTests -->
