<?xml version="1.0" encoding="UTF-8"?>
<!-- Generated by org.testng.reporters.JUnitReportReporter -->
<testsuite hostname="RABIUL" failures="0" tests="1" name="DemoMaven.DemoMavenId.IframeTest" time="15.429" errors="0" timestamp="2024-04-28T18:02:12 IST" skipped="0">
  <testcase classname="DemoMaven.DemoMavenId.IframeTest" name="IframeTest" time="15.429"/>
  <system-out>
    <![CDATA[Browser Opened
Browser Maximized
Tilte nameThe Internet
Browser Closed:]]>
  </system-out>
</testsuite> <!-- DemoMaven.DemoMavenId.IframeTest -->
