<?xml version="1.0" encoding="UTF-8"?>
<!-- Generated by org.testng.reporters.JUnitReportReporter -->
<testsuite hostname="RABIUL" failures="0" tests="1" name="DemoMaven.DemoMavenId.IframeTest" time="8.319" errors="0" timestamp="2024-03-16T21:42:18 IST" skipped="0">
  <testcase classname="DemoMaven.DemoMavenId.IframeTest" name="IframeTest" time="8.319"/>
</testsuite> <!-- DemoMaven.DemoMavenId.IframeTest -->
