<?xml version="1.0" encoding="UTF-8"?>
<!-- Generated by org.testng.reporters.JUnitReportReporter -->
<testsuite hostname="RABIUL" failures="0" tests="2" name="Base.readDatafromExcel" time="0.219" errors="0" timestamp="2024-04-19T21:57:38 IST" skipped="0">
  <testcase classname="Base.readDatafromExcel" name="readdatafromloop" time="0.007"/>
  <testcase classname="Base.readDatafromExcel" name="readdatafromiterator" time="0.212"/>
</testsuite> <!-- Base.readDatafromExcel -->
