<?xml version="1.0" encoding="UTF-8"?>
<!-- Generated by org.testng.reporters.JUnitReportReporter -->
<testsuite hostname="RABIUL" failures="0" tests="2" name="Base.readDatafromExcel" time="0.250" errors="0" timestamp="2024-05-27T16:41:51 IST" skipped="0">
  <testcase classname="Base.readDatafromExcel" name="readdatafromloop" time="0.007"/>
  <testcase classname="Base.readDatafromExcel" name="readdatafromiterator" time="0.243"/>
</testsuite> <!-- Base.readDatafromExcel -->
