<?xml version="1.0" encoding="UTF-8"?>
<!-- Generated by org.testng.reporters.JUnitReportReporter -->
<testsuite hostname="RABIUL" failures="0" tests="2" name="Base.readDatafromExcel" time="0.223" errors="0" timestamp="2024-05-01T11:59:28 IST" skipped="0">
  <testcase classname="Base.readDatafromExcel" name="readdatafromloop" time="0.006"/>
  <testcase classname="Base.readDatafromExcel" name="readdatafromiterator" time="0.217"/>
</testsuite> <!-- Base.readDatafromExcel -->
