<?xml version="1.0" encoding="UTF-8"?>
<!-- Generated by org.testng.reporters.JUnitReportReporter -->
<testsuite hostname="RABIUL" failures="0" tests="1" name="DemoMaven.DemoMavenId.checkboxTest" time="7.441" errors="0" timestamp="2024-04-28T18:02:12 IST" skipped="0">
  <testcase classname="DemoMaven.DemoMavenId.checkboxTest" name="checkboxTest" time="7.441"/>
  <system-out>
    <![CDATA[Browser Opened
Browser Maximized
Tilte nameThe Internet
Browser Closed:]]>
  </system-out>
</testsuite> <!-- DemoMaven.DemoMavenId.checkboxTest -->
