<?xml version="1.0" encoding="UTF-8"?>
<!-- Generated by org.testng.reporters.JUnitReportReporter -->
<testsuite hostname="RABIUL" failures="0" tests="4" name="DemoMaven.DemoMavenId.DataProviderDemo" time="0.015" errors="0" timestamp="2024-06-03T22:20:18 IST" skipped="0">
  <testcase classname="DemoMaven.DemoMavenId.DataProviderDemo" name="loginTest" time="0.005">
    <system-out>
      <![CDATA[Test Case executed successfully with username: sdfgand Password: sfg]]>
    </system-out>
  </testcase> <!-- loginTest -->
  <testcase classname="DemoMaven.DemoMavenId.DataProviderDemo" name="loginTest" time="0.000">
    <system-out>
      <![CDATA[Test Case executed successfully with username: Rabi2and Password: 345]]>
    </system-out>
  </testcase> <!-- loginTest -->
  <testcase classname="DemoMaven.DemoMavenId.DataProviderDemo" name="loginTest" time="0.007">
    <system-out>
      <![CDATA[Test Case executed successfully with username: rabi1and Password: 1234]]>
    </system-out>
  </testcase> <!-- loginTest -->
  <testcase classname="DemoMaven.DemoMavenId.DataProviderDemo" name="loginTest" time="0.003">
    <system-out>
      <![CDATA[Test Case executed successfully with username: rabi2and Password: 456]]>
    </system-out>
  </testcase> <!-- loginTest -->
  <system-out>
    <![CDATA[Test Case executed successfully with username: rabi1and Password: 1234
Test Case executed successfully with username: rabi2and Password: 456
Test Case executed successfully with username: Rabi2and Password: 345
Test Case executed successfully with username: sdfgand Password: sfg]]>
  </system-out>
</testsuite> <!-- DemoMaven.DemoMavenId.DataProviderDemo -->
