<?xml version="1.0" encoding="UTF-8"?>
<!-- Generated by org.testng.reporters.JUnitReportReporter -->
<testsuite hostname="RABIUL" failures="0" tests="3" name="DemoMaven.DemoMavenId.advanceSeleniumfeatures" time="4.569" errors="0" timestamp="2024-08-25T20:13:33 IST" skipped="2">
  <testcase classname="DemoMaven.DemoMavenId.advanceSeleniumfeatures" name="opennewTab" time="4.569">
    <system-out>
      <![CDATA[Browser Opened
Browser Maximized
Browser Maximized for browserstack com]]>
    </system-out>
  </testcase> <!-- opennewTab -->
  <testcase classname="DemoMaven.DemoMavenId.advanceSeleniumfeatures" name="opennewwindow">
    <skipped/>
  </testcase> <!-- opennewwindow -->
  <testcase classname="DemoMaven.DemoMavenId.advanceSeleniumfeatures" name="popupAuthentication">
    <skipped/>
  </testcase> <!-- popupAuthentication -->
  <system-out>
    <![CDATA[Browser Opened
Browser Maximized
Browser Maximized for browserstack com]]>
  </system-out>
</testsuite> <!-- DemoMaven.DemoMavenId.advanceSeleniumfeatures -->
