<?xml version="1.0" encoding="UTF-8"?>
<!-- Generated by org.testng.reporters.JUnitReportReporter -->
<testsuite hostname="RABIUL" failures="0" tests="1" name="DemoMaven.DemoMavenId.IframeTest" time="13.550" errors="0" timestamp="2024-03-18T09:45:26 IST" skipped="0">
  <testcase classname="DemoMaven.DemoMavenId.IframeTest" name="IframeTest" time="13.550"/>
</testsuite> <!-- DemoMaven.DemoMavenId.IframeTest -->
