<?xml version="1.0" encoding="UTF-8"?>
<!-- Generated by org.testng.reporters.JUnitReportReporter -->
<testsuite hostname="RABIUL" failures="0" tests="1" name="DemoMaven.DemoMavenId.IframeTest" time="7.453" errors="0" timestamp="2024-03-18T13:13:26 IST" skipped="0">
  <testcase classname="DemoMaven.DemoMavenId.IframeTest" name="IframeTest" time="7.453"/>
</testsuite> <!-- DemoMaven.DemoMavenId.IframeTest -->
