<?xml version="1.0" encoding="UTF-8"?>
<!-- Generated by org.testng.reporters.JUnitReportReporter -->
<testsuite hostname="RABIUL" failures="0" tests="1" name="DemoMaven.DemoMavenId.JavaScriptAlert" time="13.556" errors="0" timestamp="2024-03-29T08:50:02 IST" skipped="0">
  <testcase classname="DemoMaven.DemoMavenId.JavaScriptAlert" name="AlertTest" time="13.556"/>
</testsuite> <!-- DemoMaven.DemoMavenId.JavaScriptAlert -->
