<?xml version="1.0" encoding="UTF-8"?>
<!-- Generated by org.testng.reporters.JUnitReportReporter -->
<testsuite hostname="RABIUL" failures="0" tests="4" name="DemoMaven.DemoMavenId.DataProviderDemo" time="0.017" errors="0" timestamp="2024-05-01T13:51:23 IST" skipped="0">
  <testcase classname="DemoMaven.DemoMavenId.DataProviderDemo" name="loginTest" time="0.007"/>
  <testcase classname="DemoMaven.DemoMavenId.DataProviderDemo" name="loginTest" time="0.002"/>
  <testcase classname="DemoMaven.DemoMavenId.DataProviderDemo" name="loginTest" time="0.001"/>
  <testcase classname="DemoMaven.DemoMavenId.DataProviderDemo" name="loginTest" time="0.007"/>
</testsuite> <!-- DemoMaven.DemoMavenId.DataProviderDemo -->
