<?xml version="1.0" encoding="UTF-8"?>
<!-- Generated by org.testng.reporters.JUnitReportReporter -->
<testsuite hostname="RABIUL" failures="0" tests="7" name="DemoMaven.DemoMavenId.SeleniumPratice2" time="26.780" errors="0" timestamp="2024-04-20T21:01:52 IST" skipped="1">
  <testcase classname="DemoMaven.DemoMavenId.SeleniumPratice2" name="workingwithjavascript" time="18.350"/>
  <testcase classname="DemoMaven.DemoMavenId.SeleniumPratice2" name="pressKeyWithActions" time="8.429"/>
  <testcase classname="DemoMaven.DemoMavenId.SeleniumPratice2" name="TestnAssetTest" time="0.001"/>
  <testcase classname="DemoMaven.DemoMavenId.SeleniumPratice2" name="HomePage" time="0.000"/>
  <testcase classname="DemoMaven.DemoMavenId.SeleniumPratice2" name="applicationURLtest" time="0.000"/>
  <testcase classname="DemoMaven.DemoMavenId.SeleniumPratice2" name="LoginTest" time="0.000"/>
  <testcase classname="DemoMaven.DemoMavenId.SeleniumPratice2" name="workwithcookies">
    <skipped/>
  </testcase> <!-- workwithcookies -->
</testsuite> <!-- DemoMaven.DemoMavenId.SeleniumPratice2 -->
