<?xml version="1.0" encoding="UTF-8"?>
<!-- Generated by org.testng.reporters.JUnitReportReporter -->
<testsuite hostname="RABIUL" failures="0" tests="2" name="DemoMaven.DemoMavenId.checkPrimeNumber" time="3.179" errors="0" timestamp="2024-04-21T21:55:49 IST" skipped="1">
  <testcase classname="DemoMaven.DemoMavenId.checkPrimeNumber" name="printnumberbetweentwonumber" time="3.179"/>
  <testcase classname="DemoMaven.DemoMavenId.checkPrimeNumber" name="primenumber">
    <skipped/>
  </testcase> <!-- primenumber -->
</testsuite> <!-- DemoMaven.DemoMavenId.checkPrimeNumber -->
