<?xml version="1.0" encoding="UTF-8"?>
<!-- Generated by org.testng.reporters.JUnitReportReporter -->
<testsuite hostname="RABIUL" failures="0" tests="3" name="DemoMaven.DemoMavenId.restAssuredTest" time="3.469" errors="0" timestamp="2024-04-12T19:59:05 IST" skipped="0">
  <testcase classname="DemoMaven.DemoMavenId.restAssuredTest" name="listUsers" time="0.510"/>
  <testcase classname="DemoMaven.DemoMavenId.restAssuredTest" name="getUser" time="0.594"/>
  <testcase classname="DemoMaven.DemoMavenId.restAssuredTest" name="createUser" time="2.365"/>
</testsuite> <!-- DemoMaven.DemoMavenId.restAssuredTest -->
