<?xml version="1.0" encoding="UTF-8"?>
<!-- Generated by org.testng.reporters.JUnitReportReporter -->
<testsuite hostname="RABIUL" failures="0" tests="2" name="DemoMaven.DemoMavenId.NegativeLogInTests" time="31.444" errors="0" timestamp="2024-03-13T13:00:39 IST" skipped="0">
  <testcase classname="DemoMaven.DemoMavenId.NegativeLogInTests" name="negativeLogInTest" time="15.424"/>
  <testcase classname="DemoMaven.DemoMavenId.NegativeLogInTests" name="negativeLogInTest" time="16.020"/>
</testsuite> <!-- DemoMaven.DemoMavenId.NegativeLogInTests -->
