<?xml version="1.0" encoding="UTF-8"?>
<!-- Generated by org.testng.reporters.JUnitReportReporter -->
<testsuite hostname="RABIUL" failures="0" tests="1" name="DemoMaven.DemoMavenId.fileUploadTest" time="16.544" errors="0" timestamp="2024-03-25T13:30:32 IST" skipped="0">
  <testcase classname="DemoMaven.DemoMavenId.fileUploadTest" name="fileUploadTest" time="16.544"/>
</testsuite> <!-- DemoMaven.DemoMavenId.fileUploadTest -->
