<?xml version="1.0" encoding="UTF-8"?>
<!-- Generated by org.testng.reporters.JUnitReportReporter -->
<testsuite hostname="RABIUL" failures="0" tests="2" name="DemoMaven.DemoMavenId.NegativeLogInTests" time="25.337" errors="0" timestamp="2024-03-16T14:10:11 IST" skipped="0">
  <testcase classname="DemoMaven.DemoMavenId.NegativeLogInTests" name="negativeLogInTest" time="16.577"/>
  <testcase classname="DemoMaven.DemoMavenId.NegativeLogInTests" name="negativeLogInTest" time="8.760"/>
</testsuite> <!-- DemoMaven.DemoMavenId.NegativeLogInTests -->
