<?xml version="1.0" encoding="UTF-8"?>
<!-- Generated by org.testng.reporters.JUnitReportReporter -->
<testsuite hostname="RABIUL" failures="0" tests="1" name="DemoMaven.DemoMavenId.IframeTest" time="9.282" errors="0" timestamp="2024-04-02T09:35:41 IST" skipped="0">
  <testcase classname="DemoMaven.DemoMavenId.IframeTest" name="IframeTest" time="9.282"/>
</testsuite> <!-- DemoMaven.DemoMavenId.IframeTest -->
