<?xml version="1.0" encoding="UTF-8"?>
<!-- Generated by org.testng.reporters.JUnitReportReporter -->
<testsuite hostname="RABIUL" failures="0" tests="2" name="DemoMaven.DemoMavenId.arrayPractice" time="0.019" errors="0" timestamp="2024-04-17T21:24:54 IST" skipped="0">
  <testcase classname="DemoMaven.DemoMavenId.arrayPractice" name="sort_descending_order" time="0.003"/>
  <testcase classname="DemoMaven.DemoMavenId.arrayPractice" name="find_third_largest_number" time="0.016"/>
</testsuite> <!-- DemoMaven.DemoMavenId.arrayPractice -->
