<?xml version="1.0" encoding="UTF-8"?>
<!-- Generated by org.testng.reporters.JUnitReportReporter -->
<testsuite hostname="RABIUL" failures="0" tests="1" name="DemoMaven.DemoMavenId.IframeTest" time="14.899" errors="0" timestamp="2024-03-13T13:00:39 IST" skipped="0">
  <testcase classname="DemoMaven.DemoMavenId.IframeTest" name="IframeTest" time="14.899"/>
</testsuite> <!-- DemoMaven.DemoMavenId.IframeTest -->
