<?xml version="1.0" encoding="UTF-8"?>
<!-- Generated by org.testng.reporters.JUnitReportReporter -->
<testsuite hostname="RABIUL" failures="0" tests="1" name="DemoMaven.DemoMavenId.IframeTest" time="16.286" errors="0" timestamp="2024-03-16T14:10:11 IST" skipped="0">
  <testcase classname="DemoMaven.DemoMavenId.IframeTest" name="IframeTest" time="16.286"/>
</testsuite> <!-- DemoMaven.DemoMavenId.IframeTest -->
