<?xml version="1.0" encoding="UTF-8"?>
<!-- Generated by org.testng.reporters.JUnitReportReporter -->
<testsuite hostname="RABIUL" failures="0" tests="8" name="DemoMaven.DemoMavenId.SeleniumPratice2" time="6.722" errors="0" timestamp="2024-04-22T11:19:12 IST" skipped="3">
  <testcase classname="DemoMaven.DemoMavenId.SeleniumPratice2" name="workingwithjavascript" time="6.714"/>
  <testcase classname="DemoMaven.DemoMavenId.SeleniumPratice2" name="TestnAssetTest" time="0.003"/>
  <testcase classname="DemoMaven.DemoMavenId.SeleniumPratice2" name="HomePage" time="0.001"/>
  <testcase classname="DemoMaven.DemoMavenId.SeleniumPratice2" name="applicationURLtest" time="0.001"/>
  <testcase classname="DemoMaven.DemoMavenId.SeleniumPratice2" name="LoginTest" time="0.003"/>
  <testcase classname="DemoMaven.DemoMavenId.SeleniumPratice2" name="pressKeyWithActions">
    <skipped/>
  </testcase> <!-- pressKeyWithActions -->
  <testcase classname="DemoMaven.DemoMavenId.SeleniumPratice2" name="workwithcookies">
    <skipped/>
  </testcase> <!-- workwithcookies -->
  <testcase classname="DemoMaven.DemoMavenId.SeleniumPratice2" name="takeScreenshot">
    <skipped/>
  </testcase> <!-- takeScreenshot -->
</testsuite> <!-- DemoMaven.DemoMavenId.SeleniumPratice2 -->
