<?xml version="1.0" encoding="UTF-8"?>
<!-- Generated by org.testng.reporters.JUnitReportReporter -->
<testsuite hostname="RABIUL" failures="0" tests="3" name="DemoMaven.DemoMavenId.advanceSeleniumfeatures" time="20.087" errors="0" timestamp="2024-05-16T17:49:59 IST" skipped="2">
  <testcase classname="DemoMaven.DemoMavenId.advanceSeleniumfeatures" name="popupAuthentication" time="20.087">
    <system-out>
      <![CDATA[Browser Opened
Browser Maximized
Tilte nameThe Internet
Browser Closed:]]>
    </system-out>
  </testcase> <!-- popupAuthentication -->
  <testcase classname="DemoMaven.DemoMavenId.advanceSeleniumfeatures" name="opennewwindow">
    <skipped/>
  </testcase> <!-- opennewwindow -->
  <testcase classname="DemoMaven.DemoMavenId.advanceSeleniumfeatures" name="opennewTab">
    <skipped/>
  </testcase> <!-- opennewTab -->
  <system-out>
    <![CDATA[Browser Opened
Browser Maximized
Tilte nameThe Internet
Browser Closed:]]>
  </system-out>
</testsuite> <!-- DemoMaven.DemoMavenId.advanceSeleniumfeatures -->
