<?xml version="1.0" encoding="UTF-8"?>
<!-- Generated by org.testng.reporters.JUnitReportReporter -->
<testsuite hostname="RABIUL" failures="0" tests="1" name="DemoMaven.DemoMavenId.keyPressTest" time="5.660" errors="0" timestamp="2024-03-18T21:42:40 IST" skipped="0">
  <testcase classname="DemoMaven.DemoMavenId.keyPressTest" name="KeyPressTest" time="5.660"/>
</testsuite> <!-- DemoMaven.DemoMavenId.keyPressTest -->
