<?xml version="1.0" encoding="UTF-8"?>
<!-- Generated by org.testng.reporters.JUnitReportReporter -->
<testsuite hostname="RABIUL" failures="0" tests="1" name="DemoMaven.DemoMavenId.dropdownTest" time="5.745" errors="0" timestamp="2024-04-20T14:42:10 IST" skipped="0">
  <testcase classname="DemoMaven.DemoMavenId.dropdownTest" name="dropdownTest" time="5.745"/>
</testsuite> <!-- DemoMaven.DemoMavenId.dropdownTest -->
