<?xml version="1.0" encoding="UTF-8"?>
<!-- Generated by org.testng.reporters.JUnitReportReporter -->
<testsuite hostname="RABIUL" failures="0" tests="4" name="DemoMaven.DemoMavenId.SeleniumPratice2" time="0.012" errors="0" timestamp="2024-03-29T15:28:52 IST" skipped="0">
  <testcase classname="DemoMaven.DemoMavenId.SeleniumPratice2" name="TestnAssetTest" time="0.008"/>
  <testcase classname="DemoMaven.DemoMavenId.SeleniumPratice2" name="HomePage" time="0.002"/>
  <testcase classname="DemoMaven.DemoMavenId.SeleniumPratice2" name="applicationURLtest" time="0.001"/>
  <testcase classname="DemoMaven.DemoMavenId.SeleniumPratice2" name="LoginTest" time="0.001"/>
</testsuite> <!-- DemoMaven.DemoMavenId.SeleniumPratice2 -->
