<?xml version="1.0" encoding="UTF-8"?>
<!-- Generated by org.testng.reporters.JUnitReportReporter -->
<testsuite hostname="RABIUL" failures="0" tests="2" name="DemoMaven.DemoMavenId.datareadfromfile" time="0.007" errors="0" timestamp="2024-04-21T14:08:00 IST" skipped="1">
  <testcase classname="DemoMaven.DemoMavenId.datareadfromfile" name="dataReadfromfileusingBufferedReaader" time="0.007"/>
  <testcase classname="DemoMaven.DemoMavenId.datareadfromfile" name="dataReadfromfileusingScanner">
    <skipped/>
  </testcase> <!-- dataReadfromfileusingScanner -->
</testsuite> <!-- DemoMaven.DemoMavenId.datareadfromfile -->
