<?xml version="1.0" encoding="UTF-8"?>
<!-- Generated by org.testng.reporters.JUnitReportReporter -->
<testsuite hostname="RABIUL" failures="0" tests="2" name="Base.readDatafromExcel" time="0.269" errors="0" timestamp="2024-04-22T08:47:26 IST" skipped="0">
  <testcase classname="Base.readDatafromExcel" name="readdatafromloop" time="0.009"/>
  <testcase classname="Base.readDatafromExcel" name="readdatafromiterator" time="0.260"/>
</testsuite> <!-- Base.readDatafromExcel -->
