<?xml version="1.0" encoding="UTF-8"?>
<!-- Generated by org.testng.reporters.JUnitReportReporter -->
<testsuite hostname="RABIUL" failures="0" tests="1" name="DemoMaven.DemoMavenId.dropdownTest" time="8.440" errors="0" timestamp="2024-08-28T17:33:06 IST" skipped="0">
  <testcase classname="DemoMaven.DemoMavenId.dropdownTest" name="dropdownTest" time="8.440"/>
</testsuite> <!-- DemoMaven.DemoMavenId.dropdownTest -->
