<?xml version="1.0" encoding="UTF-8"?>
<!-- Generated by org.testng.reporters.JUnitReportReporter -->
<testsuite hostname="RABIUL" failures="0" tests="2" name="DemoMaven.DemoMavenId.datareadfromfile" time="0.024" errors="0" timestamp="2024-05-01T11:28:23 IST" skipped="1">
  <testcase classname="DemoMaven.DemoMavenId.datareadfromfile" name="dataReadfromfileusingScanner" time="0.024"/>
  <testcase classname="DemoMaven.DemoMavenId.datareadfromfile" name="dataReadfromfileusingBufferedReaader">
    <skipped/>
  </testcase> <!-- dataReadfromfileusingBufferedReaader -->
</testsuite> <!-- DemoMaven.DemoMavenId.datareadfromfile -->
