<?xml version="1.0" encoding="UTF-8"?>
<!-- Generated by org.testng.reporters.JUnitReportReporter -->
<testsuite hostname="RABIUL" failures="0" tests="3" name="DemoMaven.DemoMavenId.restAssuredTest" time="3.336" errors="0" timestamp="2024-04-15T12:01:09 IST" skipped="0">
  <testcase classname="DemoMaven.DemoMavenId.restAssuredTest" name="getUser" time="0.420"/>
  <testcase classname="DemoMaven.DemoMavenId.restAssuredTest" name="createUser" time="2.504"/>
  <testcase classname="DemoMaven.DemoMavenId.restAssuredTest" name="listUsers" time="0.412"/>
</testsuite> <!-- DemoMaven.DemoMavenId.restAssuredTest -->
