<?xml version="1.0" encoding="UTF-8"?>
<!-- Generated by org.testng.reporters.JUnitReportReporter -->
<testsuite hostname="RABIUL" failures="0" tests="1" name="DemoMaven.DemoMavenId.JavaScriptAlert" time="12.617" errors="0" timestamp="2024-04-28T18:03:59 IST" skipped="0">
  <testcase classname="DemoMaven.DemoMavenId.JavaScriptAlert" name="AlertTest" time="12.617"/>
</testsuite> <!-- DemoMaven.DemoMavenId.JavaScriptAlert -->
