<?xml version="1.0" encoding="UTF-8"?>
<!-- Generated by org.testng.reporters.JUnitReportReporter -->
<testsuite hostname="RABIUL" failures="0" tests="1" name="DemoMaven.DemoMavenId.SeleniumPractice" time="11.586" errors="0" timestamp="2024-05-01T11:36:18 IST" skipped="0">
  <testcase classname="DemoMaven.DemoMavenId.SeleniumPractice" name="fileUploadTest" time="11.586"/>
</testsuite> <!-- DemoMaven.DemoMavenId.SeleniumPractice -->
