<?xml version="1.0" encoding="UTF-8"?>
<!-- Generated by org.testng.reporters.JUnitReportReporter -->
<testsuite hostname="RABIUL" failures="0" tests="2" name="DemoMaven.DemoMavenId.NegativeLogInTests" time="27.707" errors="0" timestamp="2024-04-01T13:04:38 IST" skipped="0">
  <testcase classname="DemoMaven.DemoMavenId.NegativeLogInTests" name="negativeLogInTest" time="16.782"/>
  <testcase classname="DemoMaven.DemoMavenId.NegativeLogInTests" name="negativeLogInTest" time="10.925"/>
</testsuite> <!-- DemoMaven.DemoMavenId.NegativeLogInTests -->
