<?xml version="1.0" encoding="UTF-8"?>
<!-- Generated by org.testng.reporters.JUnitReportReporter -->
<testsuite hostname="RABIUL" failures="0" tests="1" name="DemoMaven.DemoMavenId.fileUploadTest" time="8.651" errors="0" timestamp="2024-03-27T09:05:54 IST" skipped="0">
  <testcase classname="DemoMaven.DemoMavenId.fileUploadTest" name="fileUploadTest" time="8.651"/>
</testsuite> <!-- DemoMaven.DemoMavenId.fileUploadTest -->
