<?xml version="1.0" encoding="UTF-8"?>
<!-- Generated by org.testng.reporters.JUnitReportReporter -->
<testsuite hostname="RABIUL" failures="0" tests="1" name="DemoMaven.DemoMavenId.AppTest2" time="13.027" errors="0" timestamp="2024-02-29T11:56:56 IST" skipped="0">
  <testcase classname="DemoMaven.DemoMavenId.AppTest2" name="FirstTest" time="13.027"/>
</testsuite> <!-- DemoMaven.DemoMavenId.AppTest2 -->
