<?xml version="1.0" encoding="UTF-8"?>
<!-- Generated by org.testng.reporters.JUnitReportReporter -->
<testsuite hostname="RABIUL" failures="0" tests="1" name="DemoMaven.DemoMavenId.seleniumWebTable" time="47.272" errors="0" timestamp="2024-04-02T12:49:28 IST" skipped="0">
  <testcase classname="DemoMaven.DemoMavenId.seleniumWebTable" name="webTable" time="47.272"/>
</testsuite> <!-- DemoMaven.DemoMavenId.seleniumWebTable -->
