<?xml version="1.0" encoding="UTF-8"?>
<!-- Generated by org.testng.reporters.JUnitReportReporter -->
<testsuite hostname="RABIUL" failures="0" tests="1" name="DemoMaven.DemoMavenId.checkboxTest" time="14.299" errors="0" timestamp="2024-04-17T15:43:37 IST" skipped="0">
  <testcase classname="DemoMaven.DemoMavenId.checkboxTest" name="checkboxTest" time="14.299"/>
</testsuite> <!-- DemoMaven.DemoMavenId.checkboxTest -->
