<?xml version="1.0" encoding="UTF-8"?>
<!-- Generated by org.testng.reporters.JUnitReportReporter -->
<testsuite hostname="RABIUL" failures="0" tests="1" name="DemoMaven.DemoMavenId.IframeTest" time="13.455" errors="0" timestamp="2024-04-22T15:58:58 IST" skipped="0">
  <testcase classname="DemoMaven.DemoMavenId.IframeTest" name="IframeTest" time="13.455"/>
  <system-out>
    <![CDATA[Browser Opened
Browser Maximized
Browser Maximized]]>
  </system-out>
</testsuite> <!-- DemoMaven.DemoMavenId.IframeTest -->
