<?xml version="1.0" encoding="UTF-8"?>
<!-- Generated by org.testng.reporters.JUnitReportReporter -->
<testsuite hostname="RABIUL" failures="0" tests="6" name="javaCollection.mapexampleforExcle" time="0.014" errors="0" timestamp="2024-05-27T12:20:55 IST" skipped="0">
  <testcase classname="javaCollection.mapexampleforExcle" name="getTestadata" time="0.002">
    <system-out>
      <![CDATA[Firstname Rabi2
LastName Hasan2
Email rabiul2.uzzaman@gmail.com]]>
    </system-out>
  </testcase> <!-- getTestadata -->
  <testcase classname="javaCollection.mapexampleforExcle" name="getTestadata" time="0.006">
    <system-out>
      <![CDATA[Firstname Rabi
LastName Hasan
Email rabiul.uzzaman@gmail.com]]>
    </system-out>
  </testcase> <!-- getTestadata -->
  <testcase classname="javaCollection.mapexampleforExcle" name="getTestadata" time="0.001">
    <system-out>
      <![CDATA[Firstname Rabi1
LastName Hasan1
Email rabiul1.uzzaman@gmail.com]]>
    </system-out>
  </testcase> <!-- getTestadata -->
  <testcase classname="javaCollection.mapexampleforExcle" name="getTestadata" time="0.002">
    <system-out>
      <![CDATA[Firstname Rabi3
LastName Hasan3
Email rabiul3.uzzaman@gmail.com]]>
    </system-out>
  </testcase> <!-- getTestadata -->
  <testcase classname="javaCollection.mapexampleforExcle" name="getTestadata" time="0.002">
    <system-out>
      <![CDATA[Firstname Rabi4
LastName Hasan4
Email rabiul4.uzzaman@gmail.com]]>
    </system-out>
  </testcase> <!-- getTestadata -->
  <testcase classname="javaCollection.mapexampleforExcle" name="getTestadata" time="0.001">
    <system-out>
      <![CDATA[Firstname Rabi5
LastName Hasan5
Email rabiul45.uzzaman@gmail.com]]>
    </system-out>
  </testcase> <!-- getTestadata -->
  <system-out>
    <![CDATA[getlastrownumber 6
Firstname Rabi
LastName Hasan
Email rabiul.uzzaman@gmail.com
Firstname Rabi1
LastName Hasan1
Email rabiul1.uzzaman@gmail.com
Firstname Rabi2
LastName Hasan2
Email rabiul2.uzzaman@gmail.com
Firstname Rabi3
LastName Hasan3
Email rabiul3.uzzaman@gmail.com
Firstname Rabi4
LastName Hasan4
Email rabiul4.uzzaman@gmail.com
Firstname Rabi5
LastName Hasan5
Email rabiul45.uzzaman@gmail.com]]>
  </system-out>
</testsuite> <!-- javaCollection.mapexampleforExcle -->
