<?xml version="1.0" encoding="UTF-8"?>
<!-- Generated by org.testng.reporters.JUnitReportReporter -->
<testsuite hostname="RABIUL" failures="0" tests="1" name="DemoMaven.DemoMavenId.NegativeTest" time="4.618" errors="0" timestamp="2024-02-22T07:22:04 IST" skipped="0">
  <testcase classname="DemoMaven.DemoMavenId.NegativeTest" name="FirstTest" time="4.618"/>
</testsuite> <!-- DemoMaven.DemoMavenId.NegativeTest -->
