<?xml version="1.0" encoding="UTF-8"?>
<!-- Generated by org.testng.reporters.JUnitReportReporter -->
<testsuite hostname="RABIUL" failures="0" tests="1" name="DemoMaven.DemoMavenId.JavaScriptAlert" time="6.076" errors="0" timestamp="2024-03-08T20:49:44 IST" skipped="0">
  <testcase classname="DemoMaven.DemoMavenId.JavaScriptAlert" name="AlertTest" time="6.076"/>
</testsuite> <!-- DemoMaven.DemoMavenId.JavaScriptAlert -->
