<?xml version="1.0" encoding="UTF-8"?>
<!-- Generated by org.testng.reporters.JUnitReportReporter -->
<testsuite hostname="RABIUL" failures="0" tests="1" name="DemoMaven.DemoMavenId.fileUploadTest" time="6.284" errors="0" timestamp="2024-03-17T12:54:43 IST" skipped="0">
  <testcase classname="DemoMaven.DemoMavenId.fileUploadTest" name="fileUploadTest" time="6.284"/>
</testsuite> <!-- DemoMaven.DemoMavenId.fileUploadTest -->
