<?xml version="1.0" encoding="UTF-8"?>
<!-- Generated by org.testng.reporters.JUnitReportReporter -->
<testsuite hostname="RABIUL" failures="0" tests="3" name="DemoMaven.DemoMavenId.DataProviderDemo" time="0.019" errors="0" timestamp="2024-04-05T16:26:13 IST" skipped="0">
  <testcase classname="DemoMaven.DemoMavenId.DataProviderDemo" name="loginTest" time="0.007"/>
  <testcase classname="DemoMaven.DemoMavenId.DataProviderDemo" name="loginTest" time="0.004"/>
  <testcase classname="DemoMaven.DemoMavenId.DataProviderDemo" name="loginTest" time="0.008"/>
</testsuite> <!-- DemoMaven.DemoMavenId.DataProviderDemo -->
