<?xml version="1.0" encoding="UTF-8"?>
<!-- Generated by org.testng.reporters.JUnitReportReporter -->
<testsuite hostname="RABIUL" failures="0" tests="2" name="Base.readDatafromExcel" time="0.240" errors="0" timestamp="2024-04-28T21:47:46 IST" skipped="0">
  <testcase classname="Base.readDatafromExcel" name="readdatafromloop" time="0.007"/>
  <testcase classname="Base.readDatafromExcel" name="readdatafromiterator" time="0.233"/>
</testsuite> <!-- Base.readDatafromExcel -->
