<?xml version="1.0" encoding="UTF-8"?>
<!-- Generated by org.testng.reporters.JUnitReportReporter -->
<testsuite hostname="RABIUL" failures="0" tests="1" name="DemoMaven.DemoMavenId.fileUploadTest" time="7.314" errors="0" timestamp="2024-04-22T20:26:26 IST" skipped="0">
  <testcase classname="DemoMaven.DemoMavenId.fileUploadTest" name="fileUploadTest" time="7.314"/>
  <system-out>
    <![CDATA[Browser Opened
Browser Maximized
Tilte nameThe Internet
Browser Closed:]]>
  </system-out>
</testsuite> <!-- DemoMaven.DemoMavenId.fileUploadTest -->
