<?xml version="1.0" encoding="UTF-8"?>
<!-- Generated by org.testng.reporters.JUnitReportReporter -->
<testsuite hostname="RABIUL" failures="0" tests="2" name="DemoMaven.DemoMavenId.arrayPractice" time="0.014" errors="0" timestamp="2024-05-19T12:23:02 IST" skipped="0">
  <testcase classname="DemoMaven.DemoMavenId.arrayPractice" name="sort_descending_order" time="0.005"/>
  <testcase classname="DemoMaven.DemoMavenId.arrayPractice" name="find_third_largest_number" time="0.009"/>
</testsuite> <!-- DemoMaven.DemoMavenId.arrayPractice -->
