<?xml version="1.0" encoding="UTF-8"?>
<!-- Generated by org.testng.reporters.JUnitReportReporter -->
<testsuite hostname="RABIUL" failures="0" tests="2" name="DemoMaven.DemoMavenId.checkPrimeNumber" time="5.517" errors="0" timestamp="2024-05-01T11:24:22 IST" skipped="1">
  <testcase classname="DemoMaven.DemoMavenId.checkPrimeNumber" name="primenumber" time="5.517"/>
  <testcase classname="DemoMaven.DemoMavenId.checkPrimeNumber" name="printnumberbetweentwonumber">
    <skipped/>
  </testcase> <!-- printnumberbetweentwonumber -->
</testsuite> <!-- DemoMaven.DemoMavenId.checkPrimeNumber -->
