<?xml version="1.0" encoding="UTF-8"?>
<!-- Generated by org.testng.reporters.JUnitReportReporter -->
<testsuite hostname="RABIUL" failures="0" tests="2" name="DemoMaven.DemoMavenId.NegativeLogInTests" time="32.288" errors="0" timestamp="2024-03-25T13:30:32 IST" skipped="0">
  <testcase classname="DemoMaven.DemoMavenId.NegativeLogInTests" name="negativeLogInTest" time="18.571"/>
  <testcase classname="DemoMaven.DemoMavenId.NegativeLogInTests" name="negativeLogInTest" time="13.717"/>
</testsuite> <!-- DemoMaven.DemoMavenId.NegativeLogInTests -->
