<?xml version="1.0" encoding="UTF-8"?>
<!-- Generated by org.testng.reporters.JUnitReportReporter -->
<testsuite hostname="RABIUL" failures="0" tests="3" name="DemoMaven.DemoMavenId.advanceSeleniumfeatures" time="25.285" errors="0" timestamp="2024-05-01T11:12:09 IST" skipped="2">
  <testcase classname="DemoMaven.DemoMavenId.advanceSeleniumfeatures" name="opennewwindow" time="25.285"/>
  <testcase classname="DemoMaven.DemoMavenId.advanceSeleniumfeatures" name="popupAuthentication">
    <skipped/>
  </testcase> <!-- popupAuthentication -->
  <testcase classname="DemoMaven.DemoMavenId.advanceSeleniumfeatures" name="opennewTab">
    <skipped/>
  </testcase> <!-- opennewTab -->
</testsuite> <!-- DemoMaven.DemoMavenId.advanceSeleniumfeatures -->
